<?xml version="1.0" encoding="UTF-8"?>
<!-- Generated by org.testng.reporters.JUnitReportReporter -->
<testsuite skipped="0" hostname="DESKTOP-KAC3CU8" name="pageTestCases.HomePageTC" tests="1" failures="0" timestamp="19 Apr 2019 10:29:01 GMT" time="2.422" errors="0">
  <testcase name="loginWithUsername" time="2.422" classname="pageTestCases.HomePageTC"/>
</testsuite> <!-- pageTestCases.HomePageTC -->
