<?xml version="1.0" encoding="UTF-8"?>
<!-- Generated by org.testng.reporters.JUnitReportReporter -->
<testsuite skipped="5" hostname="DESKTOP-KAC3CU8" name="pageTestCases.EditContractTC" tests="9" failures="0" timestamp="23 Apr 2019 14:45:15 GMT" time="63.979" errors="0">
  <testcase name="loginWithUsername" time="2.776" classname="pageTestCases.EditContractTC"/>
  <testcase name="openContractListingPage" time="5.642" classname="pageTestCases.EditContractTC"/>
  <testcase name="openEditContractPage" time="0.501" classname="pageTestCases.EditContractTC"/>
  <testcase name="updateTransactionRateStandard" time="55.060" classname="pageTestCases.EditContractTC"/>
  <testcase name="updateGeneralInformation" classname="pageTestCases.EditContractTC">
    <skipped/>
  </testcase> <!-- updateGeneralInformation -->
  <testcase name="updateTermFixedPeriodWithoutRenewal" classname="pageTestCases.EditContractTC">
    <skipped/>
  </testcase> <!-- updateTermFixedPeriodWithoutRenewal -->
  <testcase name="updateCommercialsGeneralTerms" classname="pageTestCases.EditContractTC">
    <skipped/>
  </testcase> <!-- updateCommercialsGeneralTerms -->
  <testcase name="updateTermFixedPeriod" classname="pageTestCases.EditContractTC">
    <skipped/>
  </testcase> <!-- updateTermFixedPeriod -->
  <testcase name="updateTermOpenEndedContracts" classname="pageTestCases.EditContractTC">
    <skipped/>
  </testcase> <!-- updateTermOpenEndedContracts -->
</testsuite> <!-- pageTestCases.EditContractTC -->
