<?xml version="1.0" encoding="UTF-8"?>
<!-- Generated by org.testng.reporters.JUnitReportReporter -->
<testsuite skipped="0" hostname="DESKTOP-KAC3CU8" name="pageTestCases.EditContractTC" tests="7" failures="0" timestamp="21 Apr 2019 15:19:05 GMT" time="120.516" errors="0">
  <testcase name="loginWithUsername" time="1.679" classname="pageTestCases.EditContractTC"/>
  <testcase name="openContractListingPage" time="5.917" classname="pageTestCases.EditContractTC"/>
  <testcase name="openEditContractPage" time="0.583" classname="pageTestCases.EditContractTC"/>
  <testcase name="updateGeneralInformation" time="29.868" classname="pageTestCases.EditContractTC"/>
  <testcase name="updateTermFixedPeriod" time="32.249" classname="pageTestCases.EditContractTC"/>
  <testcase name="updateTermFixedPeriodWithoutRenewal" time="27.437" classname="pageTestCases.EditContractTC"/>
  <testcase name="updateTermOpenEndedContracts" time="22.783" classname="pageTestCases.EditContractTC"/>
</testsuite> <!-- pageTestCases.EditContractTC -->
