<?xml version="1.0" encoding="UTF-8"?>
<!-- Generated by org.testng.reporters.JUnitReportReporter -->
<testsuite skipped="5" hostname="DESKTOP-KAC3CU8" name="pageTestCases.EditContractTC" tests="10" failures="0" timestamp="28 Apr 2019 15:51:39 GMT" time="125.334" errors="0">
  <testcase name="doLogin" time="1.888" classname="pageTestCases.EditContractTC"/>
  <testcase name="openContractListingPage" time="6.496" classname="pageTestCases.EditContractTC"/>
  <testcase name="openEditContractPage" time="0.573" classname="pageTestCases.EditContractTC"/>
  <testcase name="saveTransactionRateVolume" time="49.152" classname="pageTestCases.EditContractTC"/>
  <testcase name="saveTransactionRateStandard" time="67.225" classname="pageTestCases.EditContractTC"/>
  <testcase name="saveFixedPeriodTerm" classname="pageTestCases.EditContractTC">
    <skipped/>
  </testcase> <!-- saveFixedPeriodTerm -->
  <testcase name="saveFixedPeriodWithRenewalTerm" classname="pageTestCases.EditContractTC">
    <skipped/>
  </testcase> <!-- saveFixedPeriodWithRenewalTerm -->
  <testcase name="saveGeneralTermsTab" classname="pageTestCases.EditContractTC">
    <skipped/>
  </testcase> <!-- saveGeneralTermsTab -->
  <testcase name="saveGeneralInformation" classname="pageTestCases.EditContractTC">
    <skipped/>
  </testcase> <!-- saveGeneralInformation -->
  <testcase name="saveOpenEndedContractsTerm" classname="pageTestCases.EditContractTC">
    <skipped/>
  </testcase> <!-- saveOpenEndedContractsTerm -->
</testsuite> <!-- pageTestCases.EditContractTC -->
