<?xml version="1.0" encoding="UTF-8"?>
<!-- Generated by org.testng.reporters.JUnitReportReporter -->
<testsuite skipped="19" hostname="DESKTOP-KAC3CU8" name="pageTestCases.EditContractsTests" tests="25" failures="0" timestamp="12 May 2019 16:58:12 GMT" time="32.669" errors="0">
  <testcase name="loginTest" time="10.396" classname="pageTestCases.EditContractsTests"/>
  <testcase name="gotoContractsListingScreen" time="3.025" classname="pageTestCases.EditContractsTests"/>
  <testcase name="gotoEditContractScreen" time="1.464" classname="pageTestCases.EditContractsTests"/>
  <testcase name="addSLATAT" time="6.027" classname="pageTestCases.EditContractsTests"/>
  <testcase name="addSLAQuality" time="7.190" classname="pageTestCases.EditContractsTests"/>
  <testcase name="addSLAUptime" time="4.567" classname="pageTestCases.EditContractsTests"/>
  <testcase name="addCommercialsMinimumBilling" classname="pageTestCases.EditContractsTests">
    <skipped/>
  </testcase> <!-- addCommercialsMinimumBilling -->
  <testcase name="addCommercialsFixedFee" classname="pageTestCases.EditContractsTests">
    <skipped/>
  </testcase> <!-- addCommercialsFixedFee -->
  <testcase name="addOtherCommercialsLatePaymentFee" classname="pageTestCases.EditContractsTests">
    <skipped/>
  </testcase> <!-- addOtherCommercialsLatePaymentFee -->
  <testcase name="addOtherCommercialsLimitationOfLiability" classname="pageTestCases.EditContractsTests">
    <skipped/>
  </testcase> <!-- addOtherCommercialsLimitationOfLiability -->
  <testcase name="addOtherCommercialsCOLA" classname="pageTestCases.EditContractsTests">
    <skipped/>
  </testcase> <!-- addOtherCommercialsCOLA -->
  <testcase name="addOtherCommercialsIncentive" classname="pageTestCases.EditContractsTests">
    <skipped/>
  </testcase> <!-- addOtherCommercialsIncentive -->
  <testcase name="addTermsFixedPeriod" classname="pageTestCases.EditContractsTests">
    <skipped/>
  </testcase> <!-- addTermsFixedPeriod -->
  <testcase name="addCommercialsTransactionRateVolume" classname="pageTestCases.EditContractsTests">
    <skipped/>
  </testcase> <!-- addCommercialsTransactionRateVolume -->
  <testcase name="addTermsFixedPeriodWithoutRenewal" classname="pageTestCases.EditContractsTests">
    <skipped/>
  </testcase> <!-- addTermsFixedPeriodWithoutRenewal -->
  <testcase name="addGeneralInformation" classname="pageTestCases.EditContractsTests">
    <skipped/>
  </testcase> <!-- addGeneralInformation -->
  <testcase name="addCommercialsTransactionRateStandard" classname="pageTestCases.EditContractsTests">
    <skipped/>
  </testcase> <!-- addCommercialsTransactionRateStandard -->
  <testcase name="addOtherCommercialsTermination" classname="pageTestCases.EditContractsTests">
    <skipped/>
  </testcase> <!-- addOtherCommercialsTermination -->
  <testcase name="addContactPerson" classname="pageTestCases.EditContractsTests">
    <skipped/>
  </testcase> <!-- addContactPerson -->
  <testcase name="addOtherCommercialsEarlyPaymentDiscount" classname="pageTestCases.EditContractsTests">
    <skipped/>
  </testcase> <!-- addOtherCommercialsEarlyPaymentDiscount -->
  <testcase name="addCommercialsTimeAndMaterialModel" classname="pageTestCases.EditContractsTests">
    <skipped/>
  </testcase> <!-- addCommercialsTimeAndMaterialModel -->
  <testcase name="verifyGeneralInformationFieldValidations" classname="pageTestCases.EditContractsTests">
    <skipped/>
  </testcase> <!-- verifyGeneralInformationFieldValidations -->
  <testcase name="addCommercialsGeneralTerms" classname="pageTestCases.EditContractsTests">
    <skipped/>
  </testcase> <!-- addCommercialsGeneralTerms -->
  <testcase name="addOtherCommercialsPenalty" classname="pageTestCases.EditContractsTests">
    <skipped/>
  </testcase> <!-- addOtherCommercialsPenalty -->
  <testcase name="addTermsOpenEndedContracts" classname="pageTestCases.EditContractsTests">
    <skipped/>
  </testcase> <!-- addTermsOpenEndedContracts -->
</testsuite> <!-- pageTestCases.EditContractsTests -->
