<?xml version="1.0" encoding="UTF-8"?>
<!-- Generated by org.testng.reporters.JUnitReportReporter -->
<testsuite skipped="7" hostname="DESKTOP-KAC3CU8" name="pageTestCases.EditContractTC" tests="11" failures="0" timestamp="01 May 2019 10:47:34 GMT" time="71.335" errors="0">
  <testcase name="doLogin" time="1.720" classname="pageTestCases.EditContractTC"/>
  <testcase name="openContractListingPage" time="6.253" classname="pageTestCases.EditContractTC"/>
  <testcase name="openEditContractPage" time="1.081" classname="pageTestCases.EditContractTC"/>
  <testcase name="saveTimeAndMaterialModel" time="62.281" classname="pageTestCases.EditContractTC"/>
  <testcase name="saveFixedPeriodTerm" classname="pageTestCases.EditContractTC">
    <skipped/>
  </testcase> <!-- saveFixedPeriodTerm -->
  <testcase name="saveFixedPeriodWithRenewalTerm" classname="pageTestCases.EditContractTC">
    <skipped/>
  </testcase> <!-- saveFixedPeriodWithRenewalTerm -->
  <testcase name="saveTransactionRateVolume" classname="pageTestCases.EditContractTC">
    <skipped/>
  </testcase> <!-- saveTransactionRateVolume -->
  <testcase name="saveTransactionRateStandard" classname="pageTestCases.EditContractTC">
    <skipped/>
  </testcase> <!-- saveTransactionRateStandard -->
  <testcase name="saveGeneralTermsTab" classname="pageTestCases.EditContractTC">
    <skipped/>
  </testcase> <!-- saveGeneralTermsTab -->
  <testcase name="saveGeneralInformation" classname="pageTestCases.EditContractTC">
    <skipped/>
  </testcase> <!-- saveGeneralInformation -->
  <testcase name="saveOpenEndedContractsTerm" classname="pageTestCases.EditContractTC">
    <skipped/>
  </testcase> <!-- saveOpenEndedContractsTerm -->
</testsuite> <!-- pageTestCases.EditContractTC -->
