<?xml version="1.0" encoding="UTF-8"?>
<!-- Generated by org.testng.reporters.JUnitReportReporter -->
<testsuite skipped="0" hostname="DESKTOP-KAC3CU8" name="pageTestCases.DashboardTC" tests="2" failures="0" timestamp="19 Apr 2019 16:11:43 GMT" time="8.547" errors="0">
  <testcase name="loginWithUsername" time="2.035" classname="pageTestCases.DashboardTC"/>
  <testcase name="openContractListingPage" time="6.512" classname="pageTestCases.DashboardTC"/>
</testsuite> <!-- pageTestCases.DashboardTC -->
