<?xml version="1.0" encoding="UTF-8"?>
<!-- Generated by org.testng.reporters.JUnitReportReporter -->
<testsuite skipped="0" hostname="DESKTOP-KAC3CU8" name="pageTestCases.AddContractTC" tests="1" failures="0" timestamp="21 Apr 2019 15:05:18 GMT" time="14.455" errors="0">
  <testcase name="saveTermFixedPeriodWithoutRenewal" time="14.455" classname="pageTestCases.AddContractTC"/>
</testsuite> <!-- pageTestCases.AddContractTC -->
