<?xml version="1.0" encoding="UTF-8"?>
<!-- Generated by org.testng.reporters.JUnitReportReporter -->
<testsuite skipped="1" hostname="DESKTOP-KAC3CU8" name="pageTestCases.ContractListTC" tests="5" failures="0" timestamp="19 Apr 2019 18:29:36 GMT" time="48.971" errors="0">
  <testcase name="loginWithUsername" time="2.156" classname="pageTestCases.ContractListTC"/>
  <testcase name="openContractListingPage" time="6.741" classname="pageTestCases.ContractListTC"/>
  <testcase name="openEditContractPage" time="0.603" classname="pageTestCases.ContractListTC"/>
  <testcase name="updateGeneralInformation" time="39.471" classname="pageTestCases.ContractListTC"/>
  <testcase name="openAddContractPage" classname="pageTestCases.ContractListTC">
    <skipped/>
  </testcase> <!-- openAddContractPage -->
</testsuite> <!-- pageTestCases.ContractListTC -->
