<?xml version="1.0" encoding="UTF-8"?>
<!-- Generated by org.testng.reporters.JUnitReportReporter -->
<testsuite skipped="4" hostname="DESKTOP-KAC3CU8" name="pageTestCases.HomepageTests" tests="7" failures="0" timestamp="04 May 2019 16:42:54 GMT" time="53.933" errors="0">
  <testcase name="emptyOTPTest" time="9.689" classname="pageTestCases.HomepageTests"/>
  <testcase name="incorrectOTPTest" time="3.146" classname="pageTestCases.HomepageTests"/>
  <testcase name="correctOTPTest" time="41.098" classname="pageTestCases.HomepageTests"/>
  <testcase name="validCredentialsTest" classname="pageTestCases.HomepageTests">
    <skipped/>
  </testcase> <!-- validCredentialsTest -->
  <testcase name="emptyPasswordTest" classname="pageTestCases.HomepageTests">
    <skipped/>
  </testcase> <!-- emptyPasswordTest -->
  <testcase name="invalidCredentialsTest" classname="pageTestCases.HomepageTests">
    <skipped/>
  </testcase> <!-- invalidCredentialsTest -->
  <testcase name="emptyUserNameTest" classname="pageTestCases.HomepageTests">
    <skipped/>
  </testcase> <!-- emptyUserNameTest -->
</testsuite> <!-- pageTestCases.HomepageTests -->
