<?xml version="1.0" encoding="UTF-8"?>
<!-- Generated by org.testng.reporters.JUnitReportReporter -->
<testsuite skipped="1" hostname="DESKTOP-KAC3CU8" name="pageTestCases.HomePageTC" tests="2" failures="0" timestamp="01 May 2019 11:35:22 GMT" time="27.791" errors="0">
  <testcase name="loginWithOTP" time="27.791" classname="pageTestCases.HomePageTC"/>
  <testcase name="loginWithUsername" classname="pageTestCases.HomePageTC">
    <skipped/>
  </testcase> <!-- loginWithUsername -->
</testsuite> <!-- pageTestCases.HomePageTC -->
