<?xml version="1.0" encoding="UTF-8"?>
<!-- Generated by org.testng.reporters.JUnitReportReporter -->
<testsuite skipped="9" hostname="DESKTOP-KAC3CU8" name="pageTestCases.EditContractTC" tests="12" failures="0" timestamp="11 May 2019 16:24:49 GMT" time="8.770" errors="0">
  <testcase name="doLogin" time="2.154" classname="pageTestCases.EditContractTC"/>
  <testcase name="openContractListingPage" time="5.918" classname="pageTestCases.EditContractTC"/>
  <testcase name="openEditContractPage" time="0.698" classname="pageTestCases.EditContractTC"/>
  <testcase name="saveFixedPeriodTerm" classname="pageTestCases.EditContractTC">
    <skipped/>
  </testcase> <!-- saveFixedPeriodTerm -->
  <testcase name="saveFixedPeriodWithRenewalTerm" classname="pageTestCases.EditContractTC">
    <skipped/>
  </testcase> <!-- saveFixedPeriodWithRenewalTerm -->
  <testcase name="saveTimeAndMaterialModel" classname="pageTestCases.EditContractTC">
    <skipped/>
  </testcase> <!-- saveTimeAndMaterialModel -->
  <testcase name="saveTransactionRateVolume" classname="pageTestCases.EditContractTC">
    <skipped/>
  </testcase> <!-- saveTransactionRateVolume -->
  <testcase name="saveTransactionRateStandard" classname="pageTestCases.EditContractTC">
    <skipped/>
  </testcase> <!-- saveTransactionRateStandard -->
  <testcase name="saveGeneralTermsTab" classname="pageTestCases.EditContractTC">
    <skipped/>
  </testcase> <!-- saveGeneralTermsTab -->
  <testcase name="saveFixedFee" classname="pageTestCases.EditContractTC">
    <skipped/>
  </testcase> <!-- saveFixedFee -->
  <testcase name="saveGeneralInformation" classname="pageTestCases.EditContractTC">
    <skipped/>
  </testcase> <!-- saveGeneralInformation -->
  <testcase name="saveOpenEndedContractsTerm" classname="pageTestCases.EditContractTC">
    <skipped/>
  </testcase> <!-- saveOpenEndedContractsTerm -->
</testsuite> <!-- pageTestCases.EditContractTC -->
